<?xml version="1.0" encoding="UTF-8"?>
<!-- Generated by org.testng.reporters.JUnitReportReporter -->
<testsuite hostname="GopinathKumsi" failures="0" tests="1" name="com.pipe.First" time="27.312" errors="0" timestamp="2020-10-15T14:05:01 IST" skipped="0">
  <testcase classname="com.pipe.First" name="getTest" time="27.312"/>
</testsuite> <!-- com.pipe.First -->
